2020-04-27 21:12:29 pid:1 exception 'Exception' with message 'You can't send(array) to client, you need to convert it to a string. ' in D:\phpStudy\PHPTutorial\WWW\ThinkPHP\Library\Workerman\Protocols\Websocket.class.php:236
Stack trace:
#0 D:\phpStudy\PHPTutorial\WWW\ThinkPHP\Library\Workerman\Connection\TcpConnection.class.php(344): Workerman\Protocols\Websocket::encode(Array, Object(Workerman\Connection\TcpConnection))
#1 D:\phpStudy\PHPTutorial\WWW\Application\Home\Controller\ChatController.class.php(19): Workerman\Connection\TcpConnection->send(Array)
#2 [internal function]: Home\Controller\ChatController->Home\Controller\{closure}(Object(Workerman\Connection\TcpConnection), '\xE6\x88\x91\xE6\x98\xAF\xE8\xB0\x81\xEF\xBC\x9F')
#3 D:\phpStudy\PHPTutorial\WWW\ThinkPHP\Library\Workerman\Connection\TcpConnection.class.php(660): call_user_func(Object(Closure), Object(Workerman\Connection\TcpConnection), '\xE6\x88\x91\xE6\x98\xAF\xE8\xB0\x81\xEF\xBC\x9F')
#4 [internal function]: Workerman\Connection\TcpConnection->baseRead(Resource id #42)
#5 D:\phpStudy\PHPTutorial\WWW\ThinkPHP\Library\Workerman\Events\Select.class.php(292): call_user_func_array(Array, Array)
#6 D:\phpStudy\PHPTutorial\WWW\ThinkPHP\Library\Workerman\Worker.class.php(2408): Workerman\Events\Select->loop()
#7 D:\phpStudy\PHPTutorial\WWW\ThinkPHP\Library\Workerman\Worker.class.php(1404): Workerman\Worker->run()
#8 D:\phpStudy\PHPTutorial\WWW\ThinkPHP\Library\Workerman\Worker.class.php(1347): Workerman\Worker::forkWorkersForWindows()
#9 D:\phpStudy\PHPTutorial\WWW\ThinkPHP\Library\Workerman\Worker.class.php(546): Workerman\Worker::forkWorkers()
#10 D:\phpStudy\PHPTutorial\WWW\Application\Home\Controller\ChatController.class.php(23): Workerman\Worker::runAll()
#11 [internal function]: Home\Controller\ChatController->index()
#12 D:\phpStudy\PHPTutorial\WWW\ThinkPHP\Library\Think\App.class.php(173): ReflectionMethod->invoke(Object(Home\Controller\ChatController))
#13 D:\phpStudy\PHPTutorial\WWW\ThinkPHP\Library\Think\App.class.php(110): Think\App::invokeAction(Object(Home\Controller\ChatController), 'index')
#14 D:\phpStudy\PHPTutorial\WWW\ThinkPHP\Library\Think\App.class.php(204): Think\App::exec()
#15 D:\phpStudy\PHPTutorial\WWW\ThinkPHP\Library\Think\Think.class.php(120): Think\App::run()
#16 D:\phpStudy\PHPTutorial\WWW\ThinkPHP\ThinkPHP.php(97): Think\Think::start()
#17 D:\phpStudy\PHPTutorial\WWW\index.php(39): require('D:\\phpStudy\\PHP...')
#18 {main}
2020-04-27 21:12:29 pid:1 Worker process terminated
2020-04-27 21:28:20 pid:1 exception 'Exception' with message 'You can't send(NULL) to client, you need to convert it to a string. ' in D:\phpStudy\PHPTutorial\WWW\ThinkPHP\Library\Workerman\Protocols\Websocket.class.php:236
Stack trace:
#0 D:\phpStudy\PHPTutorial\WWW\ThinkPHP\Library\Workerman\Connection\TcpConnection.class.php(344): Workerman\Protocols\Websocket::encode(NULL, Object(Workerman\Connection\TcpConnection))
#1 D:\phpStudy\PHPTutorial\WWW\Application\Home\Controller\ChatController.class.php(20): Workerman\Connection\TcpConnection->send(NULL)
#2 [internal function]: Home\Controller\ChatController->Home\Controller\{closure}(Object(Workerman\Connection\TcpConnection), '[object Object]')
#3 D:\phpStudy\PHPTutorial\WWW\ThinkPHP\Library\Workerman\Connection\TcpConnection.class.php(660): call_user_func(Object(Closure), Object(Workerman\Connection\TcpConnection), '[object Object]')
#4 [internal function]: Workerman\Connection\TcpConnection->baseRead(Resource id #42)
#5 D:\phpStudy\PHPTutorial\WWW\ThinkPHP\Library\Workerman\Events\Select.class.php(292): call_user_func_array(Array, Array)
#6 D:\phpStudy\PHPTutorial\WWW\ThinkPHP\Library\Workerman\Worker.class.php(2408): Workerman\Events\Select->loop()
#7 D:\phpStudy\PHPTutorial\WWW\ThinkPHP\Library\Workerman\Worker.class.php(1404): Workerman\Worker->run()
#8 D:\phpStudy\PHPTutorial\WWW\ThinkPHP\Library\Workerman\Worker.class.php(1347): Workerman\Worker::forkWorkersForWindows()
#9 D:\phpStudy\PHPTutorial\WWW\ThinkPHP\Library\Workerman\Worker.class.php(546): Workerman\Worker::forkWorkers()
#10 D:\phpStudy\PHPTutorial\WWW\Application\Home\Controller\ChatController.class.php(23): Workerman\Worker::runAll()
#11 [internal function]: Home\Controller\ChatController->index()
#12 D:\phpStudy\PHPTutorial\WWW\ThinkPHP\Library\Think\App.class.php(173): ReflectionMethod->invoke(Object(Home\Controller\ChatController))
#13 D:\phpStudy\PHPTutorial\WWW\ThinkPHP\Library\Think\App.class.php(110): Think\App::invokeAction(Object(Home\Controller\ChatController), 'index')
#14 D:\phpStudy\PHPTutorial\WWW\ThinkPHP\Library\Think\App.class.php(204): Think\App::exec()
#15 D:\phpStudy\PHPTutorial\WWW\ThinkPHP\Library\Think\Think.class.php(120): Think\App::run()
#16 D:\phpStudy\PHPTutorial\WWW\ThinkPHP\ThinkPHP.php(97): Think\Think::start()
#17 D:\phpStudy\PHPTutorial\WWW\index.php(39): require('D:\\phpStudy\\PHP...')
#18 {main}
2020-04-27 21:28:20 pid:1 Worker process terminated
2020-04-27 21:29:18 pid:1 exception 'Exception' with message 'You can't send(NULL) to client, you need to convert it to a string. ' in D:\phpStudy\PHPTutorial\WWW\ThinkPHP\Library\Workerman\Protocols\Websocket.class.php:236
Stack trace:
#0 D:\phpStudy\PHPTutorial\WWW\ThinkPHP\Library\Workerman\Connection\TcpConnection.class.php(344): Workerman\Protocols\Websocket::encode(NULL, Object(Workerman\Connection\TcpConnection))
#1 D:\phpStudy\PHPTutorial\WWW\Application\Home\Controller\ChatController.class.php(20): Workerman\Connection\TcpConnection->send(NULL)
#2 [internal function]: Home\Controller\ChatController->Home\Controller\{closure}(Object(Workerman\Connection\TcpConnection), '[object Object]')
#3 D:\phpStudy\PHPTutorial\WWW\ThinkPHP\Library\Workerman\Connection\TcpConnection.class.php(660): call_user_func(Object(Closure), Object(Workerman\Connection\TcpConnection), '[object Object]')
#4 [internal function]: Workerman\Connection\TcpConnection->baseRead(Resource id #42)
#5 D:\phpStudy\PHPTutorial\WWW\ThinkPHP\Library\Workerman\Events\Select.class.php(292): call_user_func_array(Array, Array)
#6 D:\phpStudy\PHPTutorial\WWW\ThinkPHP\Library\Workerman\Worker.class.php(2408): Workerman\Events\Select->loop()
#7 D:\phpStudy\PHPTutorial\WWW\ThinkPHP\Library\Workerman\Worker.class.php(1404): Workerman\Worker->run()
#8 D:\phpStudy\PHPTutorial\WWW\ThinkPHP\Library\Workerman\Worker.class.php(1347): Workerman\Worker::forkWorkersForWindows()
#9 D:\phpStudy\PHPTutorial\WWW\ThinkPHP\Library\Workerman\Worker.class.php(546): Workerman\Worker::forkWorkers()
#10 D:\phpStudy\PHPTutorial\WWW\Application\Home\Controller\ChatController.class.php(23): Workerman\Worker::runAll()
#11 [internal function]: Home\Controller\ChatController->index()
#12 D:\phpStudy\PHPTutorial\WWW\ThinkPHP\Library\Think\App.class.php(173): ReflectionMethod->invoke(Object(Home\Controller\ChatController))
#13 D:\phpStudy\PHPTutorial\WWW\ThinkPHP\Library\Think\App.class.php(110): Think\App::invokeAction(Object(Home\Controller\ChatController), 'index')
#14 D:\phpStudy\PHPTutorial\WWW\ThinkPHP\Library\Think\App.class.php(204): Think\App::exec()
#15 D:\phpStudy\PHPTutorial\WWW\ThinkPHP\Library\Think\Think.class.php(120): Think\App::run()
#16 D:\phpStudy\PHPTutorial\WWW\ThinkPHP\ThinkPHP.php(97): Think\Think::start()
#17 D:\phpStudy\PHPTutorial\WWW\index.php(39): require('D:\\phpStudy\\PHP...')
#18 {main}
2020-04-27 21:29:18 pid:1 Worker process terminated
2020-04-27 21:37:49 pid:1 exception 'Exception' with message 'You can't send(object) to client, you need to convert it to a string. ' in D:\phpStudy\PHPTutorial\WWW\ThinkPHP\Library\Workerman\Protocols\Websocket.class.php:236
Stack trace:
#0 D:\phpStudy\PHPTutorial\WWW\ThinkPHP\Library\Workerman\Connection\TcpConnection.class.php(344): Workerman\Protocols\Websocket::encode(Object(stdClass), Object(Workerman\Connection\TcpConnection))
#1 D:\phpStudy\PHPTutorial\WWW\Application\Home\Controller\ChatController.class.php(21): Workerman\Connection\TcpConnection->send(Object(stdClass))
#2 [internal function]: Home\Controller\ChatController->Home\Controller\{closure}(Object(Workerman\Connection\TcpConnection), '{"id":1,"con":"...')
#3 D:\phpStudy\PHPTutorial\WWW\ThinkPHP\Library\Workerman\Connection\TcpConnection.class.php(660): call_user_func(Object(Closure), Object(Workerman\Connection\TcpConnection), '{"id":1,"con":"...')
#4 [internal function]: Workerman\Connection\TcpConnection->baseRead(Resource id #42)
#5 D:\phpStudy\PHPTutorial\WWW\ThinkPHP\Library\Workerman\Events\Select.class.php(292): call_user_func_array(Array, Array)
#6 D:\phpStudy\PHPTutorial\WWW\ThinkPHP\Library\Workerman\Worker.class.php(2408): Workerman\Events\Select->loop()
#7 D:\phpStudy\PHPTutorial\WWW\ThinkPHP\Library\Workerman\Worker.class.php(1404): Workerman\Worker->run()
#8 D:\phpStudy\PHPTutorial\WWW\ThinkPHP\Library\Workerman\Worker.class.php(1347): Workerman\Worker::forkWorkersForWindows()
#9 D:\phpStudy\PHPTutorial\WWW\ThinkPHP\Library\Workerman\Worker.class.php(546): Workerman\Worker::forkWorkers()
#10 D:\phpStudy\PHPTutorial\WWW\Application\Home\Controller\ChatController.class.php(24): Workerman\Worker::runAll()
#11 [internal function]: Home\Controller\ChatController->index()
#12 D:\phpStudy\PHPTutorial\WWW\ThinkPHP\Library\Think\App.class.php(173): ReflectionMethod->invoke(Object(Home\Controller\ChatController))
#13 D:\phpStudy\PHPTutorial\WWW\ThinkPHP\Library\Think\App.class.php(110): Think\App::invokeAction(Object(Home\Controller\ChatController), 'index')
#14 D:\phpStudy\PHPTutorial\WWW\ThinkPHP\Library\Think\App.class.php(204): Think\App::exec()
#15 D:\phpStudy\PHPTutorial\WWW\ThinkPHP\Library\Think\Think.class.php(120): Think\App::run()
#16 D:\phpStudy\PHPTutorial\WWW\ThinkPHP\ThinkPHP.php(97): Think\Think::start()
#17 D:\phpStudy\PHPTutorial\WWW\index.php(39): require('D:\\phpStudy\\PHP...')
#18 {main}
2020-04-27 21:37:49 pid:1 Worker process terminated
2020-04-27 22:32:55 pid:1 exception 'Exception' with message 'You can't send(array) to client, you need to convert it to a string. ' in D:\phpStudy\PHPTutorial\WWW\ThinkPHP\Library\Workerman\Protocols\Websocket.class.php:236
Stack trace:
#0 D:\phpStudy\PHPTutorial\WWW\ThinkPHP\Library\Workerman\Connection\TcpConnection.class.php(344): Workerman\Protocols\Websocket::encode(Array, Object(Workerman\Connection\TcpConnection))
#1 D:\phpStudy\PHPTutorial\WWW\Application\Home\Controller\ChatController.class.php(21): Workerman\Connection\TcpConnection->send(Array)
#2 [internal function]: Home\Controller\ChatController->Home\Controller\{closure}(Object(Workerman\Connection\TcpConnection), '{"id":1,"con":"...')
#3 D:\phpStudy\PHPTutorial\WWW\ThinkPHP\Library\Workerman\Connection\TcpConnection.class.php(660): call_user_func(Object(Closure), Object(Workerman\Connection\TcpConnection), '{"id":1,"con":"...')
#4 [internal function]: Workerman\Connection\TcpConnection->baseRead(Resource id #42)
#5 D:\phpStudy\PHPTutorial\WWW\ThinkPHP\Library\Workerman\Events\Select.class.php(292): call_user_func_array(Array, Array)
#6 D:\phpStudy\PHPTutorial\WWW\ThinkPHP\Library\Workerman\Worker.class.php(2408): Workerman\Events\Select->loop()
#7 D:\phpStudy\PHPTutorial\WWW\ThinkPHP\Library\Workerman\Worker.class.php(1404): Workerman\Worker->run()
#8 D:\phpStudy\PHPTutorial\WWW\ThinkPHP\Library\Workerman\Worker.class.php(1347): Workerman\Worker::forkWorkersForWindows()
#9 D:\phpStudy\PHPTutorial\WWW\ThinkPHP\Library\Workerman\Worker.class.php(546): Workerman\Worker::forkWorkers()
#10 D:\phpStudy\PHPTutorial\WWW\Application\Home\Controller\ChatController.class.php(23): Workerman\Worker::runAll()
#11 [internal function]: Home\Controller\ChatController->index()
#12 D:\phpStudy\PHPTutorial\WWW\ThinkPHP\Library\Think\App.class.php(173): ReflectionMethod->invoke(Object(Home\Controller\ChatController))
#13 D:\phpStudy\PHPTutorial\WWW\ThinkPHP\Library\Think\App.class.php(110): Think\App::invokeAction(Object(Home\Controller\ChatController), 'index')
#14 D:\phpStudy\PHPTutorial\WWW\ThinkPHP\Library\Think\App.class.php(204): Think\App::exec()
#15 D:\phpStudy\PHPTutorial\WWW\ThinkPHP\Library\Think\Think.class.php(120): Think\App::run()
#16 D:\phpStudy\PHPTutorial\WWW\ThinkPHP\ThinkPHP.php(97): Think\Think::start()
#17 D:\phpStudy\PHPTutorial\WWW\index.php(39): require('D:\\phpStudy\\PHP...')
#18 {main}
2020-04-27 22:32:55 pid:1 Worker process terminated
2020-04-27 22:33:45 pid:1 exception 'Exception' with message 'You can't send(array) to client, you need to convert it to a string. ' in D:\phpStudy\PHPTutorial\WWW\ThinkPHP\Library\Workerman\Protocols\Websocket.class.php:236
Stack trace:
#0 D:\phpStudy\PHPTutorial\WWW\ThinkPHP\Library\Workerman\Connection\TcpConnection.class.php(344): Workerman\Protocols\Websocket::encode(Array, Object(Workerman\Connection\TcpConnection))
#1 D:\phpStudy\PHPTutorial\WWW\Application\Home\Controller\ChatController.class.php(21): Workerman\Connection\TcpConnection->send(Array)
#2 [internal function]: Home\Controller\ChatController->Home\Controller\{closure}(Object(Workerman\Connection\TcpConnection), '{"id":1,"con":"...')
#3 D:\phpStudy\PHPTutorial\WWW\ThinkPHP\Library\Workerman\Connection\TcpConnection.class.php(660): call_user_func(Object(Closure), Object(Workerman\Connection\TcpConnection), '{"id":1,"con":"...')
#4 [internal function]: Workerman\Connection\TcpConnection->baseRead(Resource id #42)
#5 D:\phpStudy\PHPTutorial\WWW\ThinkPHP\Library\Workerman\Events\Select.class.php(292): call_user_func_array(Array, Array)
#6 D:\phpStudy\PHPTutorial\WWW\ThinkPHP\Library\Workerman\Worker.class.php(2408): Workerman\Events\Select->loop()
#7 D:\phpStudy\PHPTutorial\WWW\ThinkPHP\Library\Workerman\Worker.class.php(1404): Workerman\Worker->run()
#8 D:\phpStudy\PHPTutorial\WWW\ThinkPHP\Library\Workerman\Worker.class.php(1347): Workerman\Worker::forkWorkersForWindows()
#9 D:\phpStudy\PHPTutorial\WWW\ThinkPHP\Library\Workerman\Worker.class.php(546): Workerman\Worker::forkWorkers()
#10 D:\phpStudy\PHPTutorial\WWW\Application\Home\Controller\ChatController.class.php(23): Workerman\Worker::runAll()
#11 [internal function]: Home\Controller\ChatController->index()
#12 D:\phpStudy\PHPTutorial\WWW\ThinkPHP\Library\Think\App.class.php(173): ReflectionMethod->invoke(Object(Home\Controller\ChatController))
#13 D:\phpStudy\PHPTutorial\WWW\ThinkPHP\Library\Think\App.class.php(110): Think\App::invokeAction(Object(Home\Controller\ChatController), 'index')
#14 D:\phpStudy\PHPTutorial\WWW\ThinkPHP\Library\Think\App.class.php(204): Think\App::exec()
#15 D:\phpStudy\PHPTutorial\WWW\ThinkPHP\Library\Think\Think.class.php(120): Think\App::run()
#16 D:\phpStudy\PHPTutorial\WWW\ThinkPHP\ThinkPHP.php(97): Think\Think::start()
#17 D:\phpStudy\PHPTutorial\WWW\index.php(39): require('D:\\phpStudy\\PHP...')
#18 {main}
2020-04-27 22:33:45 pid:1 Worker process terminated
2020-04-27 22:34:02 pid:1 exception 'Exception' with message 'You can't send(array) to client, you need to convert it to a string. ' in D:\phpStudy\PHPTutorial\WWW\ThinkPHP\Library\Workerman\Protocols\Websocket.class.php:236
Stack trace:
#0 D:\phpStudy\PHPTutorial\WWW\ThinkPHP\Library\Workerman\Connection\TcpConnection.class.php(344): Workerman\Protocols\Websocket::encode(Array, Object(Workerman\Connection\TcpConnection))
#1 D:\phpStudy\PHPTutorial\WWW\Application\Home\Controller\ChatController.class.php(21): Workerman\Connection\TcpConnection->send(Array)
#2 [internal function]: Home\Controller\ChatController->Home\Controller\{closure}(Object(Workerman\Connection\TcpConnection), '{"id":1,"con":"...')
#3 D:\phpStudy\PHPTutorial\WWW\ThinkPHP\Library\Workerman\Connection\TcpConnection.class.php(660): call_user_func(Object(Closure), Object(Workerman\Connection\TcpConnection), '{"id":1,"con":"...')
#4 [internal function]: Workerman\Connection\TcpConnection->baseRead(Resource id #42)
#5 D:\phpStudy\PHPTutorial\WWW\ThinkPHP\Library\Workerman\Events\Select.class.php(292): call_user_func_array(Array, Array)
#6 D:\phpStudy\PHPTutorial\WWW\ThinkPHP\Library\Workerman\Worker.class.php(2408): Workerman\Events\Select->loop()
#7 D:\phpStudy\PHPTutorial\WWW\ThinkPHP\Library\Workerman\Worker.class.php(1404): Workerman\Worker->run()
#8 D:\phpStudy\PHPTutorial\WWW\ThinkPHP\Library\Workerman\Worker.class.php(1347): Workerman\Worker::forkWorkersForWindows()
#9 D:\phpStudy\PHPTutorial\WWW\ThinkPHP\Library\Workerman\Worker.class.php(546): Workerman\Worker::forkWorkers()
#10 D:\phpStudy\PHPTutorial\WWW\Application\Home\Controller\ChatController.class.php(23): Workerman\Worker::runAll()
#11 [internal function]: Home\Controller\ChatController->index()
#12 D:\phpStudy\PHPTutorial\WWW\ThinkPHP\Library\Think\App.class.php(173): ReflectionMethod->invoke(Object(Home\Controller\ChatController))
#13 D:\phpStudy\PHPTutorial\WWW\ThinkPHP\Library\Think\App.class.php(110): Think\App::invokeAction(Object(Home\Controller\ChatController), 'index')
#14 D:\phpStudy\PHPTutorial\WWW\ThinkPHP\Library\Think\App.class.php(204): Think\App::exec()
#15 D:\phpStudy\PHPTutorial\WWW\ThinkPHP\Library\Think\Think.class.php(120): Think\App::run()
#16 D:\phpStudy\PHPTutorial\WWW\ThinkPHP\ThinkPHP.php(97): Think\Think::start()
#17 D:\phpStudy\PHPTutorial\WWW\index.php(39): require('D:\\phpStudy\\PHP...')
#18 {main}
2020-04-27 22:34:02 pid:1 Worker process terminated
2020-04-28 15:58:48 pid:1 exception 'Exception' with message 'You can't send(NULL) to client, you need to convert it to a string. ' in D:\phpStudy\PHPTutorial\WWW\ThinkPHP\Library\Workerman\Protocols\Websocket.class.php:236
Stack trace:
#0 D:\phpStudy\PHPTutorial\WWW\ThinkPHP\Library\Workerman\Connection\TcpConnection.class.php(344): Workerman\Protocols\Websocket::encode(NULL, Object(Workerman\Connection\TcpConnection))
#1 D:\phpStudy\PHPTutorial\WWW\Application\Home\Controller\ChatController.class.php(18): Workerman\Connection\TcpConnection->send(NULL)
#2 [internal function]: Home\Controller\ChatController->Home\Controller\{closure}(Object(Workerman\Connection\TcpConnection), 'nihao')
#3 D:\phpStudy\PHPTutorial\WWW\ThinkPHP\Library\Workerman\Connection\TcpConnection.class.php(660): call_user_func(Object(Closure), Object(Workerman\Connection\TcpConnection), 'nihao')
#4 [internal function]: Workerman\Connection\TcpConnection->baseRead(Resource id #42)
#5 D:\phpStudy\PHPTutorial\WWW\ThinkPHP\Library\Workerman\Events\Select.class.php(292): call_user_func_array(Array, Array)
#6 D:\phpStudy\PHPTutorial\WWW\ThinkPHP\Library\Workerman\Worker.class.php(2408): Workerman\Events\Select->loop()
#7 D:\phpStudy\PHPTutorial\WWW\ThinkPHP\Library\Workerman\Worker.class.php(1404): Workerman\Worker->run()
#8 D:\phpStudy\PHPTutorial\WWW\ThinkPHP\Library\Workerman\Worker.class.php(1347): Workerman\Worker::forkWorkersForWindows()
#9 D:\phpStudy\PHPTutorial\WWW\ThinkPHP\Library\Workerman\Worker.class.php(546): Workerman\Worker::forkWorkers()
#10 D:\phpStudy\PHPTutorial\WWW\Application\Home\Controller\ChatController.class.php(23): Workerman\Worker::runAll()
#11 [internal function]: Home\Controller\ChatController->index()
#12 D:\phpStudy\PHPTutorial\WWW\ThinkPHP\Library\Think\App.class.php(173): ReflectionMethod->invoke(Object(Home\Controller\ChatController))
#13 D:\phpStudy\PHPTutorial\WWW\ThinkPHP\Library\Think\App.class.php(110): Think\App::invokeAction(Object(Home\Controller\ChatController), 'index')
#14 D:\phpStudy\PHPTutorial\WWW\ThinkPHP\Library\Think\App.class.php(204): Think\App::exec()
#15 D:\phpStudy\PHPTutorial\WWW\ThinkPHP\Library\Think\Think.class.php(120): Think\App::run()
#16 D:\phpStudy\PHPTutorial\WWW\ThinkPHP\ThinkPHP.php(97): Think\Think::start()
#17 D:\phpStudy\PHPTutorial\WWW\index.php(39): require('D:\\phpStudy\\PHP...')
#18 {main}
2020-04-28 15:58:48 pid:1 Worker process terminated
