[ 2020-03-25T14:50:44+08:00 ] 127.0.0.1 /commth.php?m=Commth&c=Shop&a=shopurl&id=c4095595172c9a5dd3ef09b482f968368c2a1520
INFO: [ app_init ] --START--
INFO: Run Behavior\BuildLiteBehavior [ RunTime:0.000016s ]
INFO: [ app_init ] --END-- [ RunTime:0.021591s ]
INFO: [ app_begin ] --START--
INFO: Run Behavior\ReadHtmlCacheBehavior [ RunTime:0.021030s ]
INFO: [ app_begin ] --END-- [ RunTime:0.021090s ]
SQL: SHOW COLUMNS FROM `cc_user` [ RunTime:0.0883s ]
SQL: SELECT * FROM `cc_user` WHERE `sha1email` = 'c4095595172c9a5dd3ef09b482f968368c2a1520' LIMIT 1   [ RunTime:0.0004s ]
SQL: SHOW COLUMNS FROM `cc_shop` [ RunTime:0.0605s ]
SQL: SELECT * FROM `cc_shop` WHERE `Email` = '454085993@qq.com'  [ RunTime:0.0003s ]
INFO: [ view_parse ] --START--
INFO: [ template_filter ] --START--
INFO: Run Behavior\ContentReplaceBehavior [ RunTime:0.001363s ]
INFO: [ template_filter ] --END-- [ RunTime:0.001411s ]
NOTIC: [8] Use of undefined constant classify - assumed 'classify' D:\phpStudy\PHPTutorial\WWW\Application\Runtime\Cache\Commth\26201cff8d4132f3d806f8847e4f17c8.php 第 166 行.
NOTIC: [8] Use of undefined constant play - assumed 'play' D:\phpStudy\PHPTutorial\WWW\Application\Runtime\Cache\Commth\26201cff8d4132f3d806f8847e4f17c8.php 第 272 行.
INFO: Run Behavior\ParseTemplateBehavior [ RunTime:0.086309s ]
INFO: [ view_parse ] --END-- [ RunTime:0.086383s ]
INFO: [ view_filter ] --START--
INFO: Run Behavior\WriteHtmlCacheBehavior [ RunTime:0.015960s ]
INFO: [ view_filter ] --END-- [ RunTime:0.016002s ]
INFO: [ app_end ] --START--
INFO: Run Behavior\ShowPageTraceBehavior [ RunTime:0.001685s ]
INFO: [ app_end ] --END-- [ RunTime:0.001730s ]

[ 2020-03-25T15:29:35+08:00 ] 127.0.0.1 /Commth.php
INFO: [ app_init ] --START--
INFO: Run Behavior\BuildLiteBehavior [ RunTime:0.000011s ]
INFO: [ app_init ] --END-- [ RunTime:0.000250s ]
INFO: [ app_begin ] --START--
INFO: Run Behavior\ReadHtmlCacheBehavior [ RunTime:0.000531s ]
INFO: [ app_begin ] --END-- [ RunTime:0.000596s ]
SQL: SHOW COLUMNS FROM `cc_user` [ RunTime:0.0266s ]
SQL: SELECT * FROM `cc_user` WHERE `Email` = 'admin' LIMIT 1   [ RunTime:0.0003s ]
INFO: [ view_parse ] --START--
INFO: [ template_filter ] --START--
INFO: Run Behavior\ContentReplaceBehavior [ RunTime:0.000051s ]
INFO: [ template_filter ] --END-- [ RunTime:0.000088s ]
INFO: Run Behavior\ParseTemplateBehavior [ RunTime:0.014475s ]
INFO: [ view_parse ] --END-- [ RunTime:0.014526s ]
INFO: [ view_filter ] --START--
INFO: Run Behavior\WriteHtmlCacheBehavior [ RunTime:0.000279s ]
INFO: [ view_filter ] --END-- [ RunTime:0.000305s ]
INFO: [ app_end ] --START--
INFO: Run Behavior\ShowPageTraceBehavior [ RunTime:0.000827s ]
INFO: [ app_end ] --END-- [ RunTime:0.000877s ]

[ 2020-03-25T16:32:00+08:00 ] 127.0.0.1 /commth.php?m=Commth&c=Shop&a=shopurl&id=c4095595172c9a5dd3ef09b482f968368c2a1520
INFO: [ app_init ] --START--
INFO: Run Behavior\BuildLiteBehavior [ RunTime:0.000015s ]
INFO: [ app_init ] --END-- [ RunTime:0.000413s ]
INFO: [ app_begin ] --START--
INFO: Run Behavior\ReadHtmlCacheBehavior [ RunTime:0.000506s ]
INFO: [ app_begin ] --END-- [ RunTime:0.000548s ]
SQL: SHOW COLUMNS FROM `cc_user` [ RunTime:0.0153s ]
SQL: SELECT * FROM `cc_user` WHERE `sha1email` = 'c4095595172c9a5dd3ef09b482f968368c2a1520' LIMIT 1   [ RunTime:0.0003s ]
SQL: SHOW COLUMNS FROM `cc_shop` [ RunTime:0.0132s ]
SQL: SELECT * FROM `cc_shop` WHERE `Email` = '454085993@qq.com'  [ RunTime:0.0003s ]
INFO: [ view_parse ] --START--
INFO: [ template_filter ] --START--
INFO: Run Behavior\ContentReplaceBehavior [ RunTime:0.000141s ]
INFO: [ template_filter ] --END-- [ RunTime:0.000191s ]
NOTIC: [8] Use of undefined constant classify - assumed 'classify' D:\phpStudy\PHPTutorial\WWW\Application\Runtime\Cache\Commth\26201cff8d4132f3d806f8847e4f17c8.php 第 166 行.
NOTIC: [8] Use of undefined constant play - assumed 'play' D:\phpStudy\PHPTutorial\WWW\Application\Runtime\Cache\Commth\26201cff8d4132f3d806f8847e4f17c8.php 第 272 行.
INFO: Run Behavior\ParseTemplateBehavior [ RunTime:0.007434s ]
INFO: [ view_parse ] --END-- [ RunTime:0.007470s ]
INFO: [ view_filter ] --START--
INFO: Run Behavior\WriteHtmlCacheBehavior [ RunTime:0.000223s ]
INFO: [ view_filter ] --END-- [ RunTime:0.000247s ]
INFO: [ app_end ] --START--
INFO: Run Behavior\ShowPageTraceBehavior [ RunTime:0.000694s ]
INFO: [ app_end ] --END-- [ RunTime:0.000744s ]

